<?xml version="1.0" encoding="UTF-8"?>
<!-- Generated by org.testng.reporters.JUnitReportReporter -->
<testsuite hostname="NeelakshisMBP2" failures="0" tests="1" name="PrabhjotSinghMaini.AppiumBasics" time="44.354" errors="0" timestamp="2023-03-25T10:53:48 EDT" skipped="0">
  <testcase classname="PrabhjotSinghMaini.AppiumBasics" name="AppiumTest" time="44.354"/>
  <system-out/>
</testsuite> <!-- PrabhjotSinghMaini.AppiumBasics -->
