<?xml version="1.0" encoding="UTF-8"?>
<!-- Generated by org.testng.reporters.JUnitReportReporter -->
<testsuite hostname="NeelakshisMBP2" failures="0" tests="1" name="PrabhjotSinghMaini.AppiumScore" time="34.643" errors="0" timestamp="2023-03-28T22:13:38 EDT" skipped="0">
  <testcase classname="PrabhjotSinghMaini.AppiumScore" name="AppiumTest" time="34.643"/>
  <system-out/>
</testsuite> <!-- PrabhjotSinghMaini.AppiumScore -->
